{"/Users/franciscopontes/Documents/weather-app/__tests__/setup-firebase-mock.js": {"path":"/Users/franciscopontes/Documents/weather-app/__tests__/setup-firebase-mock.js","statementMap":{"0":{"start":{"line":2,"column":0},"end":{"line":48,"column":null}},"1":{"start":{"line":4,"column":14},"end":{"line":7,"column":null}},"2":{"start":{"line":10,"column":15},"end":{"line":23,"column":null}},"3":{"start":{"line":13,"column":6},"end":{"line":13,"column":null}},"4":{"start":{"line":14,"column":6},"end":{"line":14,"column":24}},"5":{"start":{"line":26,"column":13},"end":{"line":39,"column":null}},"6":{"start":{"line":31,"column":19},"end":{"line":31,"column":null}},"7":{"start":{"line":41,"column":2},"end":{"line":47,"column":null}},"8":{"start":{"line":51,"column":0},"end":{"line":57,"column":null}},"9":{"start":{"line":51,"column":34},"end":{"line":57,"column":null}},"10":{"start":{"line":59,"column":0},"end":{"line":71,"column":null}},"11":{"start":{"line":59,"column":39},"end":{"line":71,"column":null}},"12":{"start":{"line":74,"column":0},"end":{"line":79,"column":null}},"13":{"start":{"line":74,"column":33},"end":{"line":79,"column":null}}},"fnMap":{"0":{"name":"(anonymous_0)","decl":{"start":{"line":2,"column":28},"end":{"line":2,"column":null}},"loc":{"start":{"line":2,"column":28},"end":{"line":48,"column":null}}},"1":{"name":"(anonymous_1)","decl":{"start":{"line":12,"column":32},"end":{"line":12,"column":null}},"loc":{"start":{"line":12,"column":32},"end":{"line":15,"column":null}}},"2":{"name":"(anonymous_2)","decl":{"start":{"line":31,"column":12},"end":{"line":31,"column":19}},"loc":{"start":{"line":31,"column":19},"end":{"line":31,"column":null}}},"3":{"name":"(anonymous_3)","decl":{"start":{"line":51,"column":27},"end":{"line":51,"column":34}},"loc":{"start":{"line":51,"column":34},"end":{"line":57,"column":null}}},"4":{"name":"(anonymous_4)","decl":{"start":{"line":59,"column":32},"end":{"line":59,"column":39}},"loc":{"start":{"line":59,"column":39},"end":{"line":71,"column":null}}},"5":{"name":"(anonymous_5)","decl":{"start":{"line":74,"column":26},"end":{"line":74,"column":33}},"loc":{"start":{"line":74,"column":33},"end":{"line":79,"column":null}}}},"branchMap":{},"s":{"0":10,"1":1,"2":1,"3":0,"4":0,"5":1,"6":0,"7":1,"8":10,"9":0,"10":10,"11":0,"12":10,"13":0},"f":{"0":1,"1":0,"2":0,"3":0,"4":0,"5":0},"b":{}}
,"/Users/franciscopontes/Documents/weather-app/__tests__/setup-weather-api-mock.js": {"path":"/Users/franciscopontes/Documents/weather-app/__tests__/setup-weather-api-mock.js","statementMap":{"0":{"start":{"line":2,"column":0},"end":{"line":107,"column":null}},"1":{"start":{"line":3,"column":33},"end":{"line":27,"column":null}},"2":{"start":{"line":29,"column":27},"end":{"line":64,"column":null}},"3":{"start":{"line":50,"column":28},"end":{"line":60,"column":null}},"4":{"start":{"line":66,"column":28},"end":{"line":83,"column":null}},"5":{"start":{"line":88,"column":6},"end":{"line":88,"column":null}},"6":{"start":{"line":89,"column":6},"end":{"line":89,"column":null}},"7":{"start":{"line":90,"column":6},"end":{"line":90,"column":null}},"8":{"start":{"line":95,"column":25},"end":{"line":101,"column":null}},"9":{"start":{"line":103,"column":2},"end":{"line":106,"column":null}}},"fnMap":{"0":{"name":"(anonymous_0)","decl":{"start":{"line":2,"column":39},"end":{"line":2,"column":null}},"loc":{"start":{"line":2,"column":39},"end":{"line":107,"column":null}}},"1":{"name":"(anonymous_1)","decl":{"start":{"line":50,"column":17},"end":{"line":50,"column":18}},"loc":{"start":{"line":50,"column":28},"end":{"line":60,"column":null}}},"2":{"name":"(anonymous_2)","decl":{"start":{"line":87,"column":4},"end":{"line":87,"column":16}},"loc":{"start":{"line":87,"column":43},"end":{"line":91,"column":null}}}},"branchMap":{"0":{"loc":{"start":{"line":87,"column":25},"end":{"line":87,"column":41}},"type":"default-arg","locations":[{"start":{"line":87,"column":38},"end":{"line":87,"column":41}}]}},"s":{"0":10,"1":1,"2":1,"3":24,"4":1,"5":2,"6":2,"7":2,"8":1,"9":1},"f":{"0":1,"1":24,"2":2},"b":{"0":[1]}}
,"/Users/franciscopontes/Documents/weather-app/components/settings/NotificationDemo.tsx": {"path":"/Users/franciscopontes/Documents/weather-app/components/settings/NotificationDemo.tsx","statementMap":{"0":{"start":{"line":19,"column":16},"end":{"line":19,"column":null}},"1":{"start":{"line":3,"column":25},"end":{"line":3,"column":null}},"2":{"start":{"line":4,"column":75},"end":{"line":4,"column":null}},"3":{"start":{"line":5,"column":23},"end":{"line":5,"column":null}},"4":{"start":{"line":6,"column":25},"end":{"line":6,"column":null}},"5":{"start":{"line":7,"column":40},"end":{"line":7,"column":null}},"6":{"start":{"line":8,"column":33},"end":{"line":8,"column":null}},"7":{"start":{"line":15,"column":7},"end":{"line":15,"column":null}},"8":{"start":{"line":16,"column":33},"end":{"line":16,"column":null}},"9":{"start":{"line":17,"column":19},"end":{"line":17,"column":null}},"10":{"start":{"line":20,"column":72},"end":{"line":20,"column":null}},"11":{"start":{"line":21,"column":20},"end":{"line":21,"column":null}},"12":{"start":{"line":22,"column":36},"end":{"line":22,"column":null}},"13":{"start":{"line":23,"column":42},"end":{"line":24,"column":null}},"14":{"start":{"line":28,"column":28},"end":{"line":65,"column":null}},"15":{"start":{"line":67,"column":37},"end":{"line":104,"column":null}},"16":{"start":{"line":68,"column":4},"end":{"line":68,"column":null}},"17":{"start":{"line":70,"column":4},"end":{"line":103,"column":null}},"18":{"start":{"line":72,"column":6},"end":{"line":74,"column":null}},"19":{"start":{"line":73,"column":8},"end":{"line":73,"column":null}},"20":{"start":{"line":76,"column":27},"end":{"line":76,"column":58}},"21":{"start":{"line":79,"column":6},"end":{"line":85,"column":null}},"22":{"start":{"line":87,"column":6},"end":{"line":91,"column":null}},"23":{"start":{"line":93,"column":6},"end":{"line":93,"column":null}},"24":{"start":{"line":95,"column":6},"end":{"line":100,"column":null}},"25":{"start":{"line":102,"column":6},"end":{"line":102,"column":null}},"26":{"start":{"line":107,"column":24},"end":{"line":123,"column":null}},"27":{"start":{"line":108,"column":4},"end":{"line":122,"column":null}},"28":{"start":{"line":110,"column":8},"end":{"line":110,"column":null}},"29":{"start":{"line":112,"column":8},"end":{"line":112,"column":null}},"30":{"start":{"line":115,"column":8},"end":{"line":115,"column":null}},"31":{"start":{"line":117,"column":8},"end":{"line":117,"column":null}},"32":{"start":{"line":119,"column":8},"end":{"line":119,"column":null}},"33":{"start":{"line":121,"column":8},"end":{"line":121,"column":null}},"34":{"start":{"line":125,"column":23},"end":{"line":125,"column":54}},"35":{"start":{"line":126,"column":18},"end":{"line":126,"column":null}},"36":{"start":{"line":127,"column":17},"end":{"line":127,"column":null}},"37":{"start":{"line":128,"column":19},"end":{"line":128,"column":null}},"38":{"start":{"line":129,"column":20},"end":{"line":129,"column":null}},"39":{"start":{"line":158,"column":34},"end":{"line":158,"column":null}},"40":{"start":{"line":170,"column":14},"end":{"line":170,"column":37}}},"fnMap":{"0":{"name":"NotificationDemo","decl":{"start":{"line":19,"column":16},"end":{"line":19,"column":null}},"loc":{"start":{"line":19,"column":16},"end":{"line":241,"column":null}}},"1":{"name":"(anonymous_2)","decl":{"start":{"line":67,"column":37},"end":{"line":67,"column":null}},"loc":{"start":{"line":67,"column":37},"end":{"line":104,"column":null}}},"2":{"name":"(anonymous_3)","decl":{"start":{"line":107,"column":24},"end":{"line":107,"column":null}},"loc":{"start":{"line":107,"column":24},"end":{"line":123,"column":null}}},"3":{"name":"(anonymous_4)","decl":{"start":{"line":158,"column":25},"end":{"line":158,"column":34}},"loc":{"start":{"line":158,"column":34},"end":{"line":158,"column":null}}},"4":{"name":"(anonymous_5)","decl":{"start":{"line":169,"column":51},"end":{"line":169,"column":52}},"loc":{"start":{"line":170,"column":14},"end":{"line":170,"column":37}}}},"branchMap":{"0":{"loc":{"start":{"line":72,"column":6},"end":{"line":74,"column":null}},"type":"if","locations":[{"start":{"line":72,"column":6},"end":{"line":74,"column":null}}]},"1":{"loc":{"start":{"line":108,"column":4},"end":{"line":122,"column":null}},"type":"switch","locations":[{"start":{"line":109,"column":6},"end":{"line":110,"column":null}},{"start":{"line":111,"column":6},"end":{"line":112,"column":null}},{"start":{"line":113,"column":6},"end":{"line":113,"column":null}},{"start":{"line":114,"column":6},"end":{"line":115,"column":null}},{"start":{"line":116,"column":6},"end":{"line":117,"column":null}},{"start":{"line":118,"column":6},"end":{"line":119,"column":null}},{"start":{"line":120,"column":6},"end":{"line":121,"column":null}}]},"2":{"loc":{"start":{"line":187,"column":10},"end":{"line":187,"column":null}},"type":"cond-expr","locations":[{"start":{"line":187,"column":20},"end":{"line":187,"column":35}},{"start":{"line":187,"column":35},"end":{"line":187,"column":null}}]},"3":{"loc":{"start":{"line":196,"column":14},"end":{"line":196,"column":null}},"type":"cond-expr","locations":[{"start":{"line":196,"column":24},"end":{"line":196,"column":40}},{"start":{"line":196,"column":40},"end":{"line":196,"column":null}}]},"4":{"loc":{"start":{"line":202,"column":28},"end":{"line":202,"column":55}},"type":"binary-expr","locations":[{"start":{"line":202,"column":28},"end":{"line":202,"column":40}},{"start":{"line":202,"column":40},"end":{"line":202,"column":55}}]},"5":{"loc":{"start":{"line":206,"column":41},"end":{"line":206,"column":68}},"type":"binary-expr","locations":[{"start":{"line":206,"column":41},"end":{"line":206,"column":53}},{"start":{"line":206,"column":53},"end":{"line":206,"column":68}}]},"6":{"loc":{"start":{"line":209,"column":9},"end":{"line":209,"column":null}},"type":"binary-expr","locations":[{"start":{"line":209,"column":9},"end":{"line":209,"column":null}}]},"7":{"loc":{"start":{"line":218,"column":18},"end":{"line":218,"column":null}},"type":"binary-expr","locations":[{"start":{"line":218,"column":18},"end":{"line":218,"column":31}},{"start":{"line":218,"column":31},"end":{"line":218,"column":null}}]},"8":{"loc":{"start":{"line":221,"column":10},"end":{"line":223,"column":null}},"type":"cond-expr","locations":[{"start":{"line":222,"column":14},"end":{"line":222,"column":null}},{"start":{"line":223,"column":14},"end":{"line":223,"column":null}}]},"9":{"loc":{"start":{"line":226,"column":26},"end":{"line":226,"column":null}},"type":"cond-expr","locations":[{"start":{"line":226,"column":37},"end":{"line":226,"column":59}},{"start":{"line":226,"column":62},"end":{"line":226,"column":null}}]},"10":{"loc":{"start":{"line":228,"column":9},"end":{"line":232,"column":null}},"type":"cond-expr","locations":[{"start":{"line":229,"column":12},"end":{"line":229,"column":null}},{"start":{"line":230,"column":12},"end":{"line":232,"column":null}}]},"11":{"loc":{"start":{"line":230,"column":12},"end":{"line":232,"column":null}},"type":"cond-expr","locations":[{"start":{"line":231,"column":14},"end":{"line":231,"column":null}},{"start":{"line":232,"column":14},"end":{"line":232,"column":null}}]}},"s":{"0":6,"1":1,"2":1,"3":1,"4":1,"5":1,"6":1,"7":1,"8":1,"9":1,"10":12,"11":12,"12":12,"13":12,"14":12,"15":12,"16":4,"17":4,"18":4,"19":1,"20":4,"21":4,"22":3,"23":1,"24":1,"25":4,"26":12,"27":12,"28":10,"29":2,"30":0,"31":0,"32":0,"33":0,"34":12,"35":12,"36":12,"37":12,"38":12,"39":1,"40":72},"f":{"0":12,"1":4,"2":12,"3":1,"4":72},"b":{"0":[1],"1":[10,2,0,0,0,0,0],"2":[11,1],"3":[11,1],"4":[12,1],"5":[12,1],"6":[12],"7":[12,11],"8":[11,1],"9":[1,11],"10":[1,11],"11":[10,1]}}
,"/Users/franciscopontes/Documents/weather-app/components/ui/button.tsx": {"path":"/Users/franciscopontes/Documents/weather-app/components/ui/button.tsx","statementMap":{"0":{"start":{"line":49,"column":9},"end":{"line":49,"column":15}},"1":{"start":{"line":49,"column":17},"end":{"line":49,"column":31}},"2":{"start":{"line":1,"column":23},"end":{"line":1,"column":null}},"3":{"start":{"line":2,"column":21},"end":{"line":2,"column":null}},"4":{"start":{"line":3,"column":39},"end":{"line":3,"column":null}},"5":{"start":{"line":5,"column":19},"end":{"line":5,"column":null}},"6":{"start":{"line":7,"column":23},"end":{"line":30,"column":null}},"7":{"start":{"line":39,"column":15},"end":{"line":45,"column":null}},"8":{"start":{"line":41,"column":17},"end":{"line":41,"column":null}},"9":{"start":{"line":47,"column":0},"end":{"line":47,"column":null}}},"fnMap":{"0":{"name":"(anonymous_6)","decl":{"start":{"line":40,"column":2},"end":{"line":40,"column":3}},"loc":{"start":{"line":40,"column":60},"end":{"line":45,"column":null}}}},"branchMap":{"0":{"loc":{"start":{"line":40,"column":31},"end":{"line":40,"column":46}},"type":"default-arg","locations":[{"start":{"line":40,"column":41},"end":{"line":40,"column":46}}]},"1":{"loc":{"start":{"line":41,"column":17},"end":{"line":41,"column":null}},"type":"cond-expr","locations":[{"start":{"line":41,"column":27},"end":{"line":41,"column":31}},{"start":{"line":41,"column":34},"end":{"line":41,"column":null}}]}},"s":{"0":21,"1":0,"2":3,"3":3,"4":3,"5":3,"6":3,"7":3,"8":18,"9":3},"f":{"0":18},"b":{"0":[18],"1":[0,18]}}
,"/Users/franciscopontes/Documents/weather-app/components/ui/select.tsx": {"path":"/Users/franciscopontes/Documents/weather-app/components/ui/select.tsx","statementMap":{"0":{"start":{"line":150,"column":2},"end":{"line":150,"column":8}},"1":{"start":{"line":154,"column":2},"end":{"line":154,"column":15}},"2":{"start":{"line":151,"column":2},"end":{"line":151,"column":13}},"3":{"start":{"line":156,"column":2},"end":{"line":156,"column":12}},"4":{"start":{"line":155,"column":2},"end":{"line":155,"column":13}},"5":{"start":{"line":159,"column":2},"end":{"line":159,"column":24}},"6":{"start":{"line":158,"column":2},"end":{"line":158,"column":22}},"7":{"start":{"line":157,"column":2},"end":{"line":157,"column":17}},"8":{"start":{"line":153,"column":2},"end":{"line":153,"column":15}},"9":{"start":{"line":152,"column":2},"end":{"line":152,"column":13}},"10":{"start":{"line":3,"column":23},"end":{"line":3,"column":null}},"11":{"start":{"line":4,"column":33},"end":{"line":4,"column":null}},"12":{"start":{"line":5,"column":46},"end":{"line":5,"column":null}},"13":{"start":{"line":7,"column":19},"end":{"line":7,"column":null}},"14":{"start":{"line":9,"column":15},"end":{"line":9,"column":35}},"15":{"start":{"line":11,"column":20},"end":{"line":11,"column":41}},"16":{"start":{"line":13,"column":20},"end":{"line":13,"column":41}},"17":{"start":{"line":33,"column":0},"end":{"line":33,"column":null}},"18":{"start":{"line":50,"column":0},"end":{"line":50,"column":null}},"19":{"start":{"line":67,"column":0},"end":{"line":68,"column":null}},"20":{"start":{"line":100,"column":0},"end":{"line":100,"column":null}},"21":{"start":{"line":112,"column":0},"end":{"line":112,"column":null}},"22":{"start":{"line":135,"column":0},"end":{"line":135,"column":null}},"23":{"start":{"line":147,"column":0},"end":{"line":147,"column":null}}},"fnMap":{},"branchMap":{"0":{"loc":{"start":{"line":73,"column":26},"end":{"line":73,"column":45}},"type":"default-arg","locations":[{"start":{"line":73,"column":37},"end":{"line":73,"column":45}}]},"1":{"loc":{"start":{"line":79,"column":8},"end":{"line":80,"column":null}},"type":"binary-expr","locations":[{"start":{"line":79,"column":8},"end":{"line":79,"column":null}},{"start":{"line":80,"column":10},"end":{"line":80,"column":null}}]},"2":{"loc":{"start":{"line":90,"column":10},"end":{"line":91,"column":null}},"type":"binary-expr","locations":[{"start":{"line":90,"column":10},"end":{"line":90,"column":null}},{"start":{"line":91,"column":12},"end":{"line":91,"column":null}}]}},"s":{"0":12,"1":12,"2":0,"3":72,"4":0,"5":0,"6":0,"7":0,"8":12,"9":12,"10":1,"11":1,"12":1,"13":1,"14":1,"15":1,"16":1,"17":1,"18":1,"19":1,"20":1,"21":1,"22":1,"23":1},"f":{},"b":{"0":[9],"1":[9,9],"2":[9,9]}}
,"/Users/franciscopontes/Documents/weather-app/components/weather/FavoriteStar.tsx": {"path":"/Users/franciscopontes/Documents/weather-app/components/weather/FavoriteStar.tsx","statementMap":{"0":{"start":{"line":19,"column":16},"end":{"line":19,"column":29}},"1":{"start":{"line":1,"column":32},"end":{"line":1,"column":null}},"2":{"start":{"line":2,"column":21},"end":{"line":2,"column":null}},"3":{"start":{"line":3,"column":23},"end":{"line":3,"column":null}},"4":{"start":{"line":4,"column":29},"end":{"line":4,"column":null}},"5":{"start":{"line":5,"column":23},"end":{"line":5,"column":null}},"6":{"start":{"line":20,"column":75},"end":{"line":20,"column":null}},"7":{"start":{"line":21,"column":42},"end":{"line":21,"column":null}},"8":{"start":{"line":23,"column":29},"end":{"line":23,"column":null}},"9":{"start":{"line":25,"column":31},"end":{"line":44,"column":null}},"10":{"start":{"line":26,"column":4},"end":{"line":26,"column":null}},"11":{"start":{"line":26,"column":22},"end":{"line":26,"column":null}},"12":{"start":{"line":28,"column":4},"end":{"line":28,"column":null}},"13":{"start":{"line":30,"column":4},"end":{"line":43,"column":null}},"14":{"start":{"line":31,"column":6},"end":{"line":38,"column":null}},"15":{"start":{"line":32,"column":25},"end":{"line":32,"column":null}},"16":{"start":{"line":33,"column":8},"end":{"line":35,"column":null}},"17":{"start":{"line":34,"column":10},"end":{"line":34,"column":null}},"18":{"start":{"line":37,"column":8},"end":{"line":37,"column":null}},"19":{"start":{"line":40,"column":6},"end":{"line":40,"column":null}},"20":{"start":{"line":42,"column":6},"end":{"line":42,"column":null}},"21":{"start":{"line":53,"column":8},"end":{"line":56,"column":null}},"22":{"start":{"line":54,"column":10},"end":{"line":54,"column":null}},"23":{"start":{"line":55,"column":10},"end":{"line":55,"column":null}}},"fnMap":{"0":{"name":"FavoriteStar","decl":{"start":{"line":19,"column":16},"end":{"line":19,"column":29}},"loc":{"start":{"line":19,"column":76},"end":{"line":79,"column":null}}},"1":{"name":"(anonymous_5)","decl":{"start":{"line":25,"column":31},"end":{"line":25,"column":null}},"loc":{"start":{"line":25,"column":31},"end":{"line":44,"column":null}}},"2":{"name":"(anonymous_6)","decl":{"start":{"line":51,"column":17},"end":{"line":51,"column":null}},"loc":{"start":{"line":51,"column":17},"end":{"line":57,"column":null}}}},"branchMap":{"0":{"loc":{"start":{"line":19,"column":41},"end":{"line":19,"column":55}},"type":"default-arg","locations":[{"start":{"line":19,"column":53},"end":{"line":19,"column":55}}]},"1":{"loc":{"start":{"line":26,"column":4},"end":{"line":26,"column":null}},"type":"if","locations":[{"start":{"line":26,"column":4},"end":{"line":26,"column":null}}]},"2":{"loc":{"start":{"line":31,"column":6},"end":{"line":38,"column":null}},"type":"if","locations":[{"start":{"line":31,"column":6},"end":{"line":38,"column":null}},{"start":{"line":36,"column":13},"end":{"line":38,"column":null}}]},"3":{"loc":{"start":{"line":33,"column":8},"end":{"line":35,"column":null}},"type":"if","locations":[{"start":{"line":33,"column":8},"end":{"line":35,"column":null}}]},"4":{"loc":{"start":{"line":53,"column":8},"end":{"line":56,"column":null}},"type":"if","locations":[{"start":{"line":53,"column":8},"end":{"line":56,"column":null}}]},"5":{"loc":{"start":{"line":53,"column":12},"end":{"line":53,"column":48}},"type":"binary-expr","locations":[{"start":{"line":53,"column":12},"end":{"line":53,"column":33}},{"start":{"line":53,"column":33},"end":{"line":53,"column":48}}]},"6":{"loc":{"start":{"line":60,"column":8},"end":{"line":62,"column":47}},"type":"cond-expr","locations":[{"start":{"line":61,"column":12},"end":{"line":61,"column":52}},{"start":{"line":62,"column":12},"end":{"line":62,"column":47}}]},"7":{"loc":{"start":{"line":69,"column":17},"end":{"line":69,"column":null}},"type":"cond-expr","locations":[{"start":{"line":69,"column":38},"end":{"line":69,"column":63}},{"start":{"line":69,"column":63},"end":{"line":69,"column":null}}]},"8":{"loc":{"start":{"line":73,"column":32},"end":{"line":73,"column":103}},"type":"cond-expr","locations":[{"start":{"line":73,"column":53},"end":{"line":73,"column":89}},{"start":{"line":73,"column":89},"end":{"line":73,"column":103}}]}},"s":{"0":1,"1":1,"2":1,"3":1,"4":1,"5":1,"6":1,"7":1,"8":1,"9":1,"10":0,"11":0,"12":0,"13":0,"14":0,"15":0,"16":0,"17":0,"18":0,"19":0,"20":0,"21":1,"22":0,"23":0},"f":{"0":1,"1":0,"2":1},"b":{"0":[1],"1":[0],"2":[0,0],"3":[0],"4":[0],"5":[1,1],"6":[0,1],"7":[0,1],"8":[0,1]}}
,"/Users/franciscopontes/Documents/weather-app/lib/api.ts": {"path":"/Users/franciscopontes/Documents/weather-app/lib/api.ts","statementMap":{"0":{"start":{"line":50,"column":22},"end":{"line":50,"column":39}},"1":{"start":{"line":59,"column":22},"end":{"line":59,"column":33}},"2":{"start":{"line":73,"column":22},"end":{"line":73,"column":42}},"3":{"start":{"line":66,"column":22},"end":{"line":66,"column":36}},"4":{"start":{"line":81,"column":22},"end":{"line":81,"column":54}},"5":{"start":{"line":3,"column":24},"end":{"line":3,"column":null}},"6":{"start":{"line":6,"column":21},"end":{"line":6,"column":null}},"7":{"start":{"line":21,"column":2},"end":{"line":44,"column":null}},"8":{"start":{"line":22,"column":51},"end":{"line":22,"column":null}},"9":{"start":{"line":24,"column":16},"end":{"line":24,"column":44}},"10":{"start":{"line":26,"column":21},"end":{"line":33,"column":null}},"11":{"start":{"line":35,"column":4},"end":{"line":38,"column":null}},"12":{"start":{"line":36,"column":24},"end":{"line":36,"column":null}},"13":{"start":{"line":36,"column":59},"end":{"line":36,"column":null}},"14":{"start":{"line":37,"column":6},"end":{"line":37,"column":null}},"15":{"start":{"line":40,"column":4},"end":{"line":40,"column":null}},"16":{"start":{"line":42,"column":4},"end":{"line":42,"column":null}},"17":{"start":{"line":43,"column":4},"end":{"line":43,"column":null}},"18":{"start":{"line":51,"column":2},"end":{"line":51,"column":null}},"19":{"start":{"line":60,"column":2},"end":{"line":60,"column":null}},"20":{"start":{"line":67,"column":2},"end":{"line":67,"column":null}},"21":{"start":{"line":74,"column":2},"end":{"line":74,"column":null}},"22":{"start":{"line":87,"column":2},"end":{"line":89,"column":null}},"23":{"start":{"line":102,"column":2},"end":{"line":102,"column":null}}},"fnMap":{"0":{"name":"fetchAPI","decl":{"start":{"line":20,"column":15},"end":{"line":20,"column":24}},"loc":{"start":{"line":20,"column":70},"end":{"line":45,"column":null}}},"1":{"name":"(anonymous_7)","decl":{"start":{"line":36,"column":52},"end":{"line":36,"column":59}},"loc":{"start":{"line":36,"column":59},"end":{"line":36,"column":null}}},"2":{"name":"getCurrentWeather","decl":{"start":{"line":50,"column":22},"end":{"line":50,"column":39}},"loc":{"start":{"line":50,"column":58},"end":{"line":52,"column":null}}},"3":{"name":"getForecast","decl":{"start":{"line":59,"column":22},"end":{"line":59,"column":33}},"loc":{"start":{"line":59,"column":70},"end":{"line":61,"column":null}}},"4":{"name":"searchLocation","decl":{"start":{"line":66,"column":22},"end":{"line":66,"column":36}},"loc":{"start":{"line":66,"column":50},"end":{"line":68,"column":null}}},"5":{"name":"getHistoricalWeather","decl":{"start":{"line":73,"column":22},"end":{"line":73,"column":42}},"loc":{"start":{"line":73,"column":75},"end":{"line":75,"column":null}}},"6":{"name":"subscribeToLocationNotifications","decl":{"start":{"line":81,"column":22},"end":{"line":81,"column":54}},"loc":{"start":{"line":84,"column":36},"end":{"line":103,"column":null}}}},"branchMap":{"0":{"loc":{"start":{"line":20,"column":42},"end":{"line":20,"column":70}},"type":"default-arg","locations":[{"start":{"line":20,"column":68},"end":{"line":20,"column":70}}]},"1":{"loc":{"start":{"line":22,"column":12},"end":{"line":22,"column":26}},"type":"default-arg","locations":[{"start":{"line":22,"column":21},"end":{"line":22,"column":26}}]},"2":{"loc":{"start":{"line":22,"column":28},"end":{"line":22,"column":40}},"type":"default-arg","locations":[{"start":{"line":22,"column":38},"end":{"line":22,"column":40}}]},"3":{"loc":{"start":{"line":32,"column":10},"end":{"line":32,"column":48}},"type":"binary-expr","locations":[{"start":{"line":32,"column":10},"end":{"line":32,"column":18}},{"start":{"line":32,"column":18},"end":{"line":32,"column":48}}]},"4":{"loc":{"start":{"line":35,"column":4},"end":{"line":38,"column":null}},"type":"if","locations":[{"start":{"line":35,"column":4},"end":{"line":38,"column":null}}]},"5":{"loc":{"start":{"line":37,"column":22},"end":{"line":37,"column":81}},"type":"binary-expr","locations":[{"start":{"line":37,"column":22},"end":{"line":37,"column":50}},{"start":{"line":37,"column":50},"end":{"line":37,"column":81}}]},"6":{"loc":{"start":{"line":59,"column":54},"end":{"line":59,"column":70}},"type":"default-arg","locations":[{"start":{"line":59,"column":69},"end":{"line":59,"column":70}}]}},"s":{"0":0,"1":0,"2":0,"3":0,"4":0,"5":1,"6":1,"7":0,"8":0,"9":0,"10":0,"11":0,"12":0,"13":0,"14":0,"15":0,"16":0,"17":0,"18":0,"19":0,"20":0,"21":0,"22":0,"23":0},"f":{"0":0,"1":0,"2":0,"3":0,"4":0,"5":0,"6":0},"b":{"0":[0],"1":[0],"2":[0],"3":[0,0],"4":[0],"5":[0,0],"6":[0]}}
,"/Users/franciscopontes/Documents/weather-app/lib/constants.ts": {"path":"/Users/franciscopontes/Documents/weather-app/lib/constants.ts","statementMap":{"0":{"start":{"line":6,"column":13},"end":{"line":6,"column":20}},"1":{"start":{"line":9,"column":13},"end":{"line":9,"column":42}},"2":{"start":{"line":25,"column":13},"end":{"line":25,"column":37}},"3":{"start":{"line":28,"column":13},"end":{"line":28,"column":37}},"4":{"start":{"line":29,"column":13},"end":{"line":29,"column":42}},"5":{"start":{"line":6,"column":23},"end":{"line":6,"column":null}},"6":{"start":{"line":9,"column":45},"end":{"line":22,"column":null}},"7":{"start":{"line":25,"column":40},"end":{"line":25,"column":null}},"8":{"start":{"line":28,"column":40},"end":{"line":28,"column":56}},"9":{"start":{"line":29,"column":45},"end":{"line":29,"column":61}}},"fnMap":{},"branchMap":{"0":{"loc":{"start":{"line":6,"column":23},"end":{"line":6,"column":null}},"type":"binary-expr","locations":[{"start":{"line":6,"column":23},"end":{"line":6,"column":62}},{"start":{"line":6,"column":66},"end":{"line":6,"column":null}}]}},"s":{"0":0,"1":1,"2":0,"3":0,"4":0,"5":2,"6":2,"7":2,"8":2,"9":2},"f":{},"b":{"0":[2,2]}}
,"/Users/franciscopontes/Documents/weather-app/lib/notificationService.ts": {"path":"/Users/franciscopontes/Documents/weather-app/lib/notificationService.ts","statementMap":{"0":{"start":{"line":10,"column":12},"end":{"line":10,"column":28}},"1":{"start":{"line":212,"column":22},"end":{"line":212,"column":55}},"2":{"start":{"line":75,"column":22},"end":{"line":75,"column":49}},"3":{"start":{"line":32,"column":16},"end":{"line":32,"column":38}},"4":{"start":{"line":4,"column":40},"end":{"line":4,"column":null}},"5":{"start":{"line":5,"column":47},"end":{"line":5,"column":null}},"6":{"start":{"line":36,"column":2},"end":{"line":38,"column":null}},"7":{"start":{"line":37,"column":4},"end":{"line":37,"column":null}},"8":{"start":{"line":40,"column":25},"end":{"line":40,"column":null}},"9":{"start":{"line":42,"column":2},"end":{"line":69,"column":null}},"10":{"start":{"line":44,"column":6},"end":{"line":44,"column":null}},"11":{"start":{"line":47,"column":6},"end":{"line":47,"column":null}},"12":{"start":{"line":50,"column":6},"end":{"line":52,"column":null}},"13":{"start":{"line":56,"column":6},"end":{"line":58,"column":null}},"14":{"start":{"line":62,"column":6},"end":{"line":62,"column":null}},"15":{"start":{"line":65,"column":6},"end":{"line":65,"column":null}},"16":{"start":{"line":68,"column":6},"end":{"line":68,"column":null}},"17":{"start":{"line":81,"column":2},"end":{"line":206,"column":null}},"18":{"start":{"line":83,"column":4},"end":{"line":85,"column":null}},"19":{"start":{"line":84,"column":6},"end":{"line":84,"column":null}},"20":{"start":{"line":88,"column":27},"end":{"line":88,"column":null}},"21":{"start":{"line":89,"column":21},"end":{"line":89,"column":null}},"22":{"start":{"line":91,"column":43},"end":{"line":91,"column":45}},"23":{"start":{"line":94,"column":4},"end":{"line":124,"column":null}},"24":{"start":{"line":100,"column":8},"end":{"line":100,"column":95}},"25":{"start":{"line":102,"column":28},"end":{"line":102,"column":86}},"26":{"start":{"line":103,"column":27},"end":{"line":103,"column":84}},"27":{"start":{"line":106,"column":6},"end":{"line":113,"column":null}},"28":{"start":{"line":107,"column":8},"end":{"line":112,"column":null}},"29":{"start":{"line":116,"column":6},"end":{"line":123,"column":null}},"30":{"start":{"line":117,"column":8},"end":{"line":122,"column":null}},"31":{"start":{"line":127,"column":4},"end":{"line":155,"column":null}},"32":{"start":{"line":131,"column":24},"end":{"line":131,"column":null}},"33":{"start":{"line":134,"column":36},"end":{"line":145,"column":null}},"34":{"start":{"line":147,"column":6},"end":{"line":154,"column":null}},"35":{"start":{"line":147,"column":48},"end":{"line":147,"column":78}},"36":{"start":{"line":148,"column":8},"end":{"line":153,"column":null}},"37":{"start":{"line":158,"column":4},"end":{"line":172,"column":null}},"38":{"start":{"line":162,"column":25},"end":{"line":162,"column":82}},"39":{"start":{"line":164,"column":6},"end":{"line":171,"column":null}},"40":{"start":{"line":165,"column":8},"end":{"line":170,"column":null}},"41":{"start":{"line":175,"column":4},"end":{"line":186,"column":null}},"42":{"start":{"line":176,"column":22},"end":{"line":176,"column":47}},"43":{"start":{"line":178,"column":6},"end":{"line":185,"column":null}},"44":{"start":{"line":179,"column":8},"end":{"line":184,"column":null}},"45":{"start":{"line":189,"column":4},"end":{"line":203,"column":null}},"46":{"start":{"line":190,"column":6},"end":{"line":202,"column":null}},"47":{"start":{"line":191,"column":8},"end":{"line":201,"column":null}},"48":{"start":{"line":205,"column":4},"end":{"line":205,"column":null}},"49":{"start":{"line":217,"column":2},"end":{"line":241,"column":null}},"50":{"start":{"line":219,"column":4},"end":{"line":221,"column":null}},"51":{"start":{"line":220,"column":6},"end":{"line":220,"column":null}},"52":{"start":{"line":224,"column":21},"end":{"line":224,"column":null}},"53":{"start":{"line":226,"column":4},"end":{"line":238,"column":null}},"54":{"start":{"line":227,"column":20},"end":{"line":227,"column":56}},"55":{"start":{"line":229,"column":6},"end":{"line":237,"column":null}},"56":{"start":{"line":240,"column":4},"end":{"line":240,"column":null}}},"fnMap":{"0":{"name":"shouldSendNotification","decl":{"start":{"line":32,"column":16},"end":{"line":32,"column":38}},"loc":{"start":{"line":34,"column":38},"end":{"line":70,"column":null}}},"1":{"name":"processWeatherNotifications","decl":{"start":{"line":75,"column":22},"end":{"line":75,"column":49}},"loc":{"start":{"line":79,"column":28},"end":{"line":207,"column":null}}},"2":{"name":"(anonymous_8)","decl":{"start":{"line":147,"column":37},"end":{"line":147,"column":48}},"loc":{"start":{"line":147,"column":48},"end":{"line":147,"column":78}}},"3":{"name":"(anonymous_9)","decl":{"start":{"line":189,"column":23},"end":{"line":189,"column":null}},"loc":{"start":{"line":189,"column":23},"end":{"line":203,"column":null}}},"4":{"name":"processDailyForecastNotifications","decl":{"start":{"line":212,"column":22},"end":{"line":212,"column":55}},"loc":{"start":{"line":215,"column":38},"end":{"line":242,"column":null}}}},"branchMap":{"0":{"loc":{"start":{"line":36,"column":2},"end":{"line":38,"column":null}},"type":"if","locations":[{"start":{"line":36,"column":2},"end":{"line":38,"column":null}}]},"1":{"loc":{"start":{"line":42,"column":2},"end":{"line":69,"column":null}},"type":"switch","locations":[{"start":{"line":43,"column":4},"end":{"line":44,"column":null}},{"start":{"line":46,"column":4},"end":{"line":47,"column":null}},{"start":{"line":49,"column":4},"end":{"line":52,"column":null}},{"start":{"line":55,"column":4},"end":{"line":58,"column":null}},{"start":{"line":61,"column":4},"end":{"line":62,"column":null}},{"start":{"line":64,"column":4},"end":{"line":65,"column":null}},{"start":{"line":67,"column":4},"end":{"line":68,"column":null}}]},"2":{"loc":{"start":{"line":51,"column":8},"end":{"line":52,"column":85}},"type":"binary-expr","locations":[{"start":{"line":51,"column":8},"end":{"line":51,"column":48}},{"start":{"line":52,"column":8},"end":{"line":52,"column":85}}]},"3":{"loc":{"start":{"line":57,"column":8},"end":{"line":58,"column":84}},"type":"binary-expr","locations":[{"start":{"line":57,"column":8},"end":{"line":57,"column":48}},{"start":{"line":58,"column":8},"end":{"line":58,"column":84}}]},"4":{"loc":{"start":{"line":83,"column":4},"end":{"line":85,"column":null}},"type":"if","locations":[{"start":{"line":83,"column":4},"end":{"line":85,"column":null}}]},"5":{"loc":{"start":{"line":94,"column":4},"end":{"line":124,"column":null}},"type":"if","locations":[{"start":{"line":94,"column":4},"end":{"line":124,"column":null}}]},"6":{"loc":{"start":{"line":95,"column":6},"end":{"line":97,"column":null}},"type":"binary-expr","locations":[{"start":{"line":95,"column":6},"end":{"line":95,"column":58}},{"start":{"line":96,"column":6},"end":{"line":96,"column":null}},{"start":{"line":97,"column":6},"end":{"line":97,"column":null}}]},"7":{"loc":{"start":{"line":100,"column":8},"end":{"line":100,"column":95}},"type":"cond-expr","locations":[{"start":{"line":100,"column":34},"end":{"line":100,"column":63}},{"start":{"line":100,"column":66},"end":{"line":100,"column":95}}]},"8":{"loc":{"start":{"line":106,"column":6},"end":{"line":113,"column":null}},"type":"if","locations":[{"start":{"line":106,"column":6},"end":{"line":113,"column":null}}]},"9":{"loc":{"start":{"line":116,"column":6},"end":{"line":123,"column":null}},"type":"if","locations":[{"start":{"line":116,"column":6},"end":{"line":123,"column":null}}]},"10":{"loc":{"start":{"line":127,"column":4},"end":{"line":155,"column":null}},"type":"if","locations":[{"start":{"line":127,"column":4},"end":{"line":155,"column":null}}]},"11":{"loc":{"start":{"line":128,"column":6},"end":{"line":129,"column":null}},"type":"binary-expr","locations":[{"start":{"line":128,"column":6},"end":{"line":128,"column":42}},{"start":{"line":129,"column":6},"end":{"line":129,"column":null}}]},"12":{"loc":{"start":{"line":147,"column":6},"end":{"line":154,"column":null}},"type":"if","locations":[{"start":{"line":147,"column":6},"end":{"line":154,"column":null}}]},"13":{"loc":{"start":{"line":158,"column":4},"end":{"line":172,"column":null}},"type":"if","locations":[{"start":{"line":158,"column":4},"end":{"line":172,"column":null}}]},"14":{"loc":{"start":{"line":159,"column":6},"end":{"line":160,"column":null}},"type":"binary-expr","locations":[{"start":{"line":159,"column":6},"end":{"line":159,"column":48}},{"start":{"line":160,"column":6},"end":{"line":160,"column":null}}]},"15":{"loc":{"start":{"line":164,"column":6},"end":{"line":171,"column":null}},"type":"if","locations":[{"start":{"line":164,"column":6},"end":{"line":171,"column":null}}]},"16":{"loc":{"start":{"line":175,"column":4},"end":{"line":186,"column":null}},"type":"if","locations":[{"start":{"line":175,"column":4},"end":{"line":186,"column":null}}]},"17":{"loc":{"start":{"line":175,"column":8},"end":{"line":175,"column":93}},"type":"binary-expr","locations":[{"start":{"line":175,"column":8},"end":{"line":175,"column":46}},{"start":{"line":175,"column":50},"end":{"line":175,"column":93}}]},"18":{"loc":{"start":{"line":178,"column":6},"end":{"line":185,"column":null}},"type":"if","locations":[{"start":{"line":178,"column":6},"end":{"line":185,"column":null}}]},"19":{"loc":{"start":{"line":190,"column":6},"end":{"line":202,"column":null}},"type":"if","locations":[{"start":{"line":190,"column":6},"end":{"line":202,"column":null}}]},"20":{"loc":{"start":{"line":219,"column":4},"end":{"line":221,"column":null}},"type":"if","locations":[{"start":{"line":219,"column":4},"end":{"line":221,"column":null}}]},"21":{"loc":{"start":{"line":219,"column":8},"end":{"line":219,"column":75}},"type":"binary-expr","locations":[{"start":{"line":219,"column":8},"end":{"line":219,"column":34}},{"start":{"line":219,"column":38},"end":{"line":219,"column":75}}]},"22":{"loc":{"start":{"line":226,"column":4},"end":{"line":238,"column":null}},"type":"if","locations":[{"start":{"line":226,"column":4},"end":{"line":238,"column":null}}]}},"s":{"0":109,"1":4,"2":6,"3":5,"4":2,"5":2,"6":18,"7":1,"8":17,"9":17,"10":2,"11":4,"12":3,"13":0,"14":4,"15":4,"16":0,"17":6,"18":6,"19":1,"20":5,"21":4,"22":4,"23":4,"24":4,"25":4,"26":4,"27":4,"28":1,"29":4,"30":0,"31":4,"32":4,"33":4,"34":4,"35":4,"36":4,"37":4,"38":4,"39":4,"40":4,"41":4,"42":4,"43":4,"44":4,"45":4,"46":13,"47":13,"48":1,"49":4,"50":4,"51":2,"52":2,"53":1,"54":1,"55":1,"56":1},"f":{"0":18,"1":6,"2":4,"3":13,"4":4},"b":{"0":[1],"1":[2,4,3,0,4,4,0],"2":[3,3],"3":[0,0],"4":[1],"5":[4],"6":[4,4,4],"7":[3,1],"8":[1],"9":[0],"10":[4],"11":[4,4],"12":[4],"13":[4],"14":[4,4],"15":[4],"16":[4],"17":[4,4],"18":[4],"19":[13],"20":[2],"21":[4,3],"22":[1]}}
,"/Users/franciscopontes/Documents/weather-app/lib/notifications.ts": {"path":"/Users/franciscopontes/Documents/weather-app/lib/notifications.ts","statementMap":{"0":{"start":{"line":32,"column":16},"end":{"line":32,"column":41}},"1":{"start":{"line":6,"column":22},"end":{"line":6,"column":43}},"2":{"start":{"line":42,"column":22},"end":{"line":42,"column":51}},"3":{"start":{"line":96,"column":16},"end":{"line":96,"column":36}},"4":{"start":{"line":126,"column":16},"end":{"line":126,"column":39}},"5":{"start":{"line":59,"column":22},"end":{"line":59,"column":50}},"6":{"start":{"line":25,"column":16},"end":{"line":25,"column":37}},"7":{"start":{"line":80,"column":16},"end":{"line":80,"column":37}},"8":{"start":{"line":7,"column":2},"end":{"line":19,"column":null}},"9":{"start":{"line":8,"column":4},"end":{"line":15,"column":null}},"10":{"start":{"line":9,"column":27},"end":{"line":9,"column":null}},"11":{"start":{"line":10,"column":6},"end":{"line":10,"column":null}},"12":{"start":{"line":11,"column":6},"end":{"line":11,"column":null}},"13":{"start":{"line":13,"column":6},"end":{"line":13,"column":null}},"14":{"start":{"line":14,"column":6},"end":{"line":14,"column":null}},"15":{"start":{"line":17,"column":4},"end":{"line":17,"column":null}},"16":{"start":{"line":18,"column":4},"end":{"line":18,"column":null}},"17":{"start":{"line":26,"column":2},"end":{"line":26,"column":null}},"18":{"start":{"line":33,"column":2},"end":{"line":35,"column":null}},"19":{"start":{"line":34,"column":4},"end":{"line":34,"column":null}},"20":{"start":{"line":36,"column":2},"end":{"line":36,"column":null}},"21":{"start":{"line":43,"column":2},"end":{"line":45,"column":null}},"22":{"start":{"line":44,"column":4},"end":{"line":44,"column":null}},"23":{"start":{"line":47,"column":2},"end":{"line":53,"column":null}},"24":{"start":{"line":48,"column":23},"end":{"line":48,"column":null}},"25":{"start":{"line":49,"column":4},"end":{"line":49,"column":null}},"26":{"start":{"line":51,"column":4},"end":{"line":51,"column":null}},"27":{"start":{"line":52,"column":4},"end":{"line":52,"column":null}},"28":{"start":{"line":62,"column":2},"end":{"line":74,"column":null}},"29":{"start":{"line":64,"column":29},"end":{"line":67,"column":null}},"30":{"start":{"line":69,"column":4},"end":{"line":69,"column":null}},"31":{"start":{"line":70,"column":4},"end":{"line":70,"column":null}},"32":{"start":{"line":72,"column":4},"end":{"line":72,"column":null}},"33":{"start":{"line":73,"column":4},"end":{"line":73,"column":null}},"34":{"start":{"line":81,"column":18},"end":{"line":81,"column":null}},"35":{"start":{"line":82,"column":17},"end":{"line":82,"column":null}},"36":{"start":{"line":84,"column":18},"end":{"line":84,"column":null}},"37":{"start":{"line":85,"column":22},"end":{"line":85,"column":null}},"38":{"start":{"line":87,"column":2},"end":{"line":89,"column":null}},"39":{"start":{"line":87,"column":15},"end":{"line":87,"column":18}},"40":{"start":{"line":88,"column":4},"end":{"line":88,"column":null}},"41":{"start":{"line":90,"column":2},"end":{"line":90,"column":null}},"42":{"start":{"line":97,"column":2},"end":{"line":100,"column":null}},"43":{"start":{"line":98,"column":4},"end":{"line":98,"column":null}},"44":{"start":{"line":99,"column":4},"end":{"line":99,"column":null}},"45":{"start":{"line":102,"column":23},"end":{"line":105,"column":null}},"46":{"start":{"line":107,"column":2},"end":{"line":111,"column":null}},"47":{"start":{"line":108,"column":4},"end":{"line":108,"column":null}},"48":{"start":{"line":109,"column":4},"end":{"line":109,"column":null}},"49":{"start":{"line":110,"column":4},"end":{"line":110,"column":null}},"50":{"start":{"line":127,"column":2},"end":{"line":130,"column":null}},"51":{"start":{"line":128,"column":4},"end":{"line":128,"column":null}},"52":{"start":{"line":129,"column":4},"end":{"line":129,"column":null}},"53":{"start":{"line":132,"column":23},"end":{"line":138,"column":null}},"54":{"start":{"line":140,"column":2},"end":{"line":144,"column":null}},"55":{"start":{"line":141,"column":4},"end":{"line":141,"column":null}},"56":{"start":{"line":142,"column":4},"end":{"line":142,"column":null}},"57":{"start":{"line":143,"column":4},"end":{"line":143,"column":null}}},"fnMap":{"0":{"name":"registerServiceWorker","decl":{"start":{"line":6,"column":22},"end":{"line":6,"column":43}},"loc":{"start":{"line":6,"column":22},"end":{"line":20,"column":null}}},"1":{"name":"supportsNotifications","decl":{"start":{"line":25,"column":16},"end":{"line":25,"column":37}},"loc":{"start":{"line":25,"column":16},"end":{"line":27,"column":null}}},"2":{"name":"getNotificationPermission","decl":{"start":{"line":32,"column":16},"end":{"line":32,"column":41}},"loc":{"start":{"line":32,"column":16},"end":{"line":37,"column":null}}},"3":{"name":"requestNotificationPermission","decl":{"start":{"line":42,"column":22},"end":{"line":42,"column":51}},"loc":{"start":{"line":42,"column":22},"end":{"line":54,"column":null}}},"4":{"name":"subscribeToPushNotifications","decl":{"start":{"line":59,"column":22},"end":{"line":59,"column":50}},"loc":{"start":{"line":60,"column":43},"end":{"line":75,"column":null}}},"5":{"name":"urlBase64ToUint8Array","decl":{"start":{"line":80,"column":16},"end":{"line":80,"column":37}},"loc":{"start":{"line":80,"column":58},"end":{"line":91,"column":null}}},"6":{"name":"showTestNotification","decl":{"start":{"line":96,"column":16},"end":{"line":96,"column":36}},"loc":{"start":{"line":96,"column":16},"end":{"line":112,"column":null}}},"7":{"name":"(anonymous_16)","decl":{"start":{"line":107,"column":25},"end":{"line":107,"column":null}},"loc":{"start":{"line":107,"column":25},"end":{"line":111,"column":null}}},"8":{"name":"showWeatherNotification","decl":{"start":{"line":126,"column":16},"end":{"line":126,"column":39}},"loc":{"start":{"line":126,"column":69},"end":{"line":145,"column":null}}},"9":{"name":"(anonymous_18)","decl":{"start":{"line":140,"column":25},"end":{"line":140,"column":null}},"loc":{"start":{"line":140,"column":25},"end":{"line":144,"column":null}}}},"branchMap":{"0":{"loc":{"start":{"line":7,"column":2},"end":{"line":19,"column":null}},"type":"if","locations":[{"start":{"line":7,"column":2},"end":{"line":19,"column":null}},{"start":{"line":16,"column":9},"end":{"line":19,"column":null}}]},"1":{"loc":{"start":{"line":7,"column":6},"end":{"line":7,"column":63}},"type":"binary-expr","locations":[{"start":{"line":7,"column":6},"end":{"line":7,"column":38}},{"start":{"line":7,"column":38},"end":{"line":7,"column":63}}]},"2":{"loc":{"start":{"line":33,"column":2},"end":{"line":35,"column":null}},"type":"if","locations":[{"start":{"line":33,"column":2},"end":{"line":35,"column":null}}]},"3":{"loc":{"start":{"line":43,"column":2},"end":{"line":45,"column":null}},"type":"if","locations":[{"start":{"line":43,"column":2},"end":{"line":45,"column":null}}]},"4":{"loc":{"start":{"line":97,"column":2},"end":{"line":100,"column":null}},"type":"if","locations":[{"start":{"line":97,"column":2},"end":{"line":100,"column":null}}]},"5":{"loc":{"start":{"line":97,"column":6},"end":{"line":97,"column":73}},"type":"binary-expr","locations":[{"start":{"line":97,"column":6},"end":{"line":97,"column":34}},{"start":{"line":97,"column":34},"end":{"line":97,"column":73}}]},"6":{"loc":{"start":{"line":127,"column":2},"end":{"line":130,"column":null}},"type":"if","locations":[{"start":{"line":127,"column":2},"end":{"line":130,"column":null}}]},"7":{"loc":{"start":{"line":127,"column":6},"end":{"line":127,"column":73}},"type":"binary-expr","locations":[{"start":{"line":127,"column":6},"end":{"line":127,"column":34}},{"start":{"line":127,"column":34},"end":{"line":127,"column":73}}]},"8":{"loc":{"start":{"line":134,"column":10},"end":{"line":134,"column":null}},"type":"binary-expr","locations":[{"start":{"line":134,"column":10},"end":{"line":134,"column":19}},{"start":{"line":134,"column":23},"end":{"line":134,"column":null}}]},"9":{"loc":{"start":{"line":135,"column":9},"end":{"line":135,"column":null}},"type":"binary-expr","locations":[{"start":{"line":135,"column":9},"end":{"line":135,"column":17}},{"start":{"line":135,"column":21},"end":{"line":135,"column":null}}]},"10":{"loc":{"start":{"line":136,"column":24},"end":{"line":136,"column":null}},"type":"binary-expr","locations":[{"start":{"line":136,"column":24},"end":{"line":136,"column":47}},{"start":{"line":136,"column":51},"end":{"line":136,"column":null}}]},"11":{"loc":{"start":{"line":137,"column":10},"end":{"line":137,"column":null}},"type":"binary-expr","locations":[{"start":{"line":137,"column":10},"end":{"line":137,"column":19}},{"start":{"line":137,"column":23},"end":{"line":137,"column":null}}]}},"s":{"0":1,"1":4,"2":1,"3":1,"4":1,"5":3,"6":1,"7":2,"8":3,"9":3,"10":3,"11":1,"12":1,"13":2,"14":2,"15":0,"16":0,"17":9,"18":3,"19":1,"20":2,"21":4,"22":0,"23":4,"24":4,"25":3,"26":1,"27":1,"28":2,"29":2,"30":1,"31":1,"32":1,"33":1,"34":3,"35":3,"36":3,"37":3,"38":3,"39":3,"40":79,"41":3,"42":0,"43":0,"44":0,"45":0,"46":0,"47":0,"48":0,"49":0,"50":2,"51":1,"52":1,"53":1,"54":1,"55":0,"56":0,"57":0},"f":{"0":3,"1":9,"2":3,"3":4,"4":2,"5":3,"6":0,"7":0,"8":2,"9":0},"b":{"0":[3,0],"1":[3,3],"2":[1],"3":[0],"4":[0],"5":[0,0],"6":[1],"7":[2,2],"8":[1,1],"9":[1,0],"10":[1,0],"11":[1,0]}}
,"/Users/franciscopontes/Documents/weather-app/lib/utils.ts": {"path":"/Users/franciscopontes/Documents/weather-app/lib/utils.ts","statementMap":{"0":{"start":{"line":5,"column":16},"end":{"line":5,"column":18}},"1":{"start":{"line":14,"column":16},"end":{"line":14,"column":26}},"2":{"start":{"line":41,"column":16},"end":{"line":41,"column":40}},"3":{"start":{"line":1,"column":38},"end":{"line":1,"column":null}},"4":{"start":{"line":2,"column":24},"end":{"line":2,"column":null}},"5":{"start":{"line":3,"column":33},"end":{"line":3,"column":null}},"6":{"start":{"line":6,"column":2},"end":{"line":6,"column":null}},"7":{"start":{"line":15,"column":2},"end":{"line":21,"column":null}},"8":{"start":{"line":16,"column":17},"end":{"line":16,"column":null}},"9":{"start":{"line":17,"column":4},"end":{"line":17,"column":null}},"10":{"start":{"line":19,"column":4},"end":{"line":19,"column":null}},"11":{"start":{"line":20,"column":4},"end":{"line":20,"column":23}},"12":{"start":{"line":44,"column":2},"end":{"line":48,"column":null}},"13":{"start":{"line":46,"column":4},"end":{"line":46,"column":null}},"14":{"start":{"line":47,"column":4},"end":{"line":47,"column":null}}},"fnMap":{"0":{"name":"cn","decl":{"start":{"line":5,"column":16},"end":{"line":5,"column":18}},"loc":{"start":{"line":5,"column":42},"end":{"line":7,"column":null}}},"1":{"name":"formatDate","decl":{"start":{"line":14,"column":16},"end":{"line":14,"column":26}},"loc":{"start":{"line":14,"column":75},"end":{"line":22,"column":null}}},"2":{"name":"handleKeyboardActivation","decl":{"start":{"line":41,"column":16},"end":{"line":41,"column":40}},"loc":{"start":{"line":41,"column":85},"end":{"line":50,"column":null}}}},"branchMap":{"0":{"loc":{"start":{"line":14,"column":47},"end":{"line":14,"column":75}},"type":"default-arg","locations":[{"start":{"line":14,"column":70},"end":{"line":14,"column":75}}]},"1":{"loc":{"start":{"line":44,"column":2},"end":{"line":48,"column":null}},"type":"if","locations":[{"start":{"line":44,"column":2},"end":{"line":48,"column":null}}]},"2":{"loc":{"start":{"line":44,"column":6},"end":{"line":44,"column":42}},"type":"binary-expr","locations":[{"start":{"line":44,"column":6},"end":{"line":44,"column":27}},{"start":{"line":44,"column":27},"end":{"line":44,"column":42}}]}},"s":{"0":185,"1":0,"2":0,"3":3,"4":3,"5":3,"6":185,"7":0,"8":0,"9":0,"10":0,"11":0,"12":0,"13":0,"14":0},"f":{"0":185,"1":0,"2":0},"b":{"0":[0],"1":[0],"2":[0,0]}}
,"/Users/franciscopontes/Documents/weather-app/lib/context/notification-context.tsx": {"path":"/Users/franciscopontes/Documents/weather-app/lib/context/notification-context.tsx","statementMap":{"0":{"start":{"line":59,"column":16},"end":{"line":59,"column":36}},"1":{"start":{"line":47,"column":16},"end":{"line":47,"column":32}},"2":{"start":{"line":3,"column":74},"end":{"line":3,"column":null}},"3":{"start":{"line":4,"column":24},"end":{"line":4,"column":null}},"4":{"start":{"line":5,"column":48},"end":{"line":5,"column":null}},"5":{"start":{"line":6,"column":19},"end":{"line":6,"column":null}},"6":{"start":{"line":11,"column":7},"end":{"line":11,"column":null}},"7":{"start":{"line":12,"column":46},"end":{"line":12,"column":null}},"8":{"start":{"line":31,"column":64},"end":{"line":31,"column":93}},"9":{"start":{"line":44,"column":28},"end":{"line":44,"column":null}},"10":{"start":{"line":48,"column":18},"end":{"line":48,"column":null}},"11":{"start":{"line":49,"column":2},"end":{"line":51,"column":null}},"12":{"start":{"line":50,"column":4},"end":{"line":50,"column":null}},"13":{"start":{"line":52,"column":2},"end":{"line":52,"column":null}},"14":{"start":{"line":60,"column":36},"end":{"line":60,"column":null}},"15":{"start":{"line":61,"column":64},"end":{"line":62,"column":null}},"16":{"start":{"line":64,"column":32},"end":{"line":64,"column":null}},"17":{"start":{"line":65,"column":44},"end":{"line":65,"column":null}},"18":{"start":{"line":68,"column":32},"end":{"line":68,"column":null}},"19":{"start":{"line":71,"column":2},"end":{"line":76,"column":null}},"20":{"start":{"line":72,"column":4},"end":{"line":75,"column":null}},"21":{"start":{"line":73,"column":25},"end":{"line":73,"column":null}},"22":{"start":{"line":74,"column":6},"end":{"line":74,"column":null}},"23":{"start":{"line":79,"column":28},"end":{"line":91,"column":null}},"24":{"start":{"line":80,"column":4},"end":{"line":83,"column":null}},"25":{"start":{"line":81,"column":6},"end":{"line":81,"column":null}},"26":{"start":{"line":82,"column":6},"end":{"line":82,"column":null}},"27":{"start":{"line":85,"column":4},"end":{"line":90,"column":null}},"28":{"start":{"line":86,"column":32},"end":{"line":86,"column":null}},"29":{"start":{"line":87,"column":6},"end":{"line":87,"column":null}},"30":{"start":{"line":89,"column":6},"end":{"line":89,"column":null}},"31":{"start":{"line":94,"column":2},"end":{"line":130,"column":null}},"32":{"start":{"line":95,"column":4},"end":{"line":95,"column":null}},"33":{"start":{"line":98,"column":4},"end":{"line":102,"column":null}},"34":{"start":{"line":99,"column":6},"end":{"line":99,"column":null}},"35":{"start":{"line":100,"column":6},"end":{"line":100,"column":null}},"36":{"start":{"line":101,"column":6},"end":{"line":101,"column":null}},"37":{"start":{"line":105,"column":25},"end":{"line":105,"column":null}},"38":{"start":{"line":108,"column":24},"end":{"line":126,"column":null}},"39":{"start":{"line":111,"column":8},"end":{"line":119,"column":null}},"40":{"start":{"line":112,"column":10},"end":{"line":112,"column":null}},"41":{"start":{"line":115,"column":10},"end":{"line":116,"column":null}},"42":{"start":{"line":116,"column":12},"end":{"line":116,"column":null}},"43":{"start":{"line":118,"column":10},"end":{"line":118,"column":null}},"44":{"start":{"line":120,"column":8},"end":{"line":120,"column":null}},"45":{"start":{"line":123,"column":8},"end":{"line":123,"column":null}},"46":{"start":{"line":124,"column":8},"end":{"line":124,"column":null}},"47":{"start":{"line":125,"column":8},"end":{"line":125,"column":null}},"48":{"start":{"line":129,"column":4},"end":{"line":129,"column":null}},"49":{"start":{"line":129,"column":17},"end":{"line":129,"column":null}},"50":{"start":{"line":133,"column":29},"end":{"line":161,"column":null}},"51":{"start":{"line":134,"column":4},"end":{"line":134,"column":null}},"52":{"start":{"line":134,"column":35},"end":{"line":134,"column":null}},"53":{"start":{"line":136,"column":4},"end":{"line":160,"column":null}},"54":{"start":{"line":138,"column":6},"end":{"line":141,"column":null}},"55":{"start":{"line":138,"column":42},"end":{"line":141,"column":null}},"56":{"start":{"line":144,"column":27},"end":{"line":144,"column":null}},"57":{"start":{"line":145,"column":6},"end":{"line":151,"column":null}},"58":{"start":{"line":155,"column":6},"end":{"line":157,"column":null}},"59":{"start":{"line":156,"column":8},"end":{"line":156,"column":null}},"60":{"start":{"line":159,"column":6},"end":{"line":159,"column":null}},"61":{"start":{"line":164,"column":37},"end":{"line":192,"column":null}},"62":{"start":{"line":165,"column":4},"end":{"line":165,"column":null}},"63":{"start":{"line":165,"column":35},"end":{"line":165,"column":null}},"64":{"start":{"line":167,"column":4},"end":{"line":191,"column":null}},"65":{"start":{"line":169,"column":33},"end":{"line":169,"column":null}},"66":{"start":{"line":172,"column":24},"end":{"line":172,"column":null}},"67":{"start":{"line":173,"column":20},"end":{"line":173,"column":null}},"68":{"start":{"line":176,"column":6},"end":{"line":178,"column":null}},"69":{"start":{"line":176,"column":19},"end":{"line":176,"column":22}},"70":{"start":{"line":177,"column":8},"end":{"line":177,"column":null}},"71":{"start":{"line":181,"column":6},"end":{"line":181,"column":null}},"72":{"start":{"line":184,"column":6},"end":{"line":184,"column":null}},"73":{"start":{"line":187,"column":27},"end":{"line":187,"column":null}},"74":{"start":{"line":188,"column":6},"end":{"line":188,"column":null}},"75":{"start":{"line":190,"column":6},"end":{"line":190,"column":null}},"76":{"start":{"line":194,"column":16},"end":{"line":201,"column":null}}},"fnMap":{"0":{"name":"useNotifications","decl":{"start":{"line":47,"column":16},"end":{"line":47,"column":32}},"loc":{"start":{"line":47,"column":16},"end":{"line":53,"column":null}}},"1":{"name":"NotificationProvider","decl":{"start":{"line":59,"column":16},"end":{"line":59,"column":36}},"loc":{"start":{"line":59,"column":76},"end":{"line":204,"column":null}}},"2":{"name":"(anonymous_5)","decl":{"start":{"line":71,"column":12},"end":{"line":71,"column":null}},"loc":{"start":{"line":71,"column":12},"end":{"line":76,"column":5}}},"3":{"name":"(anonymous_6)","decl":{"start":{"line":79,"column":28},"end":{"line":79,"column":null}},"loc":{"start":{"line":79,"column":28},"end":{"line":91,"column":null}}},"4":{"name":"(anonymous_7)","decl":{"start":{"line":94,"column":12},"end":{"line":94,"column":null}},"loc":{"start":{"line":94,"column":12},"end":{"line":130,"column":5}}},"5":{"name":"(anonymous_8)","decl":{"start":{"line":110,"column":6},"end":{"line":110,"column":null}},"loc":{"start":{"line":110,"column":6},"end":{"line":121,"column":null}}},"6":{"name":"(anonymous_9)","decl":{"start":{"line":115,"column":69},"end":{"line":115,"column":null}},"loc":{"start":{"line":116,"column":12},"end":{"line":116,"column":null}}},"7":{"name":"(anonymous_10)","decl":{"start":{"line":122,"column":6},"end":{"line":122,"column":null}},"loc":{"start":{"line":122,"column":6},"end":{"line":126,"column":null}}},"8":{"name":"(anonymous_11)","decl":{"start":{"line":129,"column":11},"end":{"line":129,"column":17}},"loc":{"start":{"line":129,"column":17},"end":{"line":129,"column":null}}},"9":{"name":"(anonymous_12)","decl":{"start":{"line":133,"column":29},"end":{"line":133,"column":36}},"loc":{"start":{"line":133,"column":36},"end":{"line":161,"column":null}}},"10":{"name":"(anonymous_13)","decl":{"start":{"line":138,"column":33},"end":{"line":138,"column":42}},"loc":{"start":{"line":138,"column":42},"end":{"line":141,"column":null}}},"11":{"name":"(anonymous_14)","decl":{"start":{"line":164,"column":37},"end":{"line":164,"column":44}},"loc":{"start":{"line":164,"column":66},"end":{"line":192,"column":null}}}},"branchMap":{"0":{"loc":{"start":{"line":49,"column":2},"end":{"line":51,"column":null}},"type":"if","locations":[{"start":{"line":49,"column":2},"end":{"line":51,"column":null}}]},"1":{"loc":{"start":{"line":68,"column":32},"end":{"line":68,"column":null}},"type":"binary-expr","locations":[{"start":{"line":68,"column":32},"end":{"line":68,"column":65}},{"start":{"line":68,"column":65},"end":{"line":68,"column":null}}]},"2":{"loc":{"start":{"line":72,"column":4},"end":{"line":75,"column":null}},"type":"if","locations":[{"start":{"line":72,"column":4},"end":{"line":75,"column":null}}]},"3":{"loc":{"start":{"line":80,"column":4},"end":{"line":83,"column":null}},"type":"if","locations":[{"start":{"line":80,"column":4},"end":{"line":83,"column":null}}]},"4":{"loc":{"start":{"line":98,"column":4},"end":{"line":102,"column":null}},"type":"if","locations":[{"start":{"line":98,"column":4},"end":{"line":102,"column":null}}]},"5":{"loc":{"start":{"line":98,"column":8},"end":{"line":98,"column":35}},"type":"binary-expr","locations":[{"start":{"line":98,"column":8},"end":{"line":98,"column":28}},{"start":{"line":98,"column":28},"end":{"line":98,"column":35}}]},"6":{"loc":{"start":{"line":111,"column":8},"end":{"line":119,"column":null}},"type":"if","locations":[{"start":{"line":111,"column":8},"end":{"line":119,"column":null}},{"start":{"line":113,"column":15},"end":{"line":119,"column":null}}]},"7":{"loc":{"start":{"line":134,"column":4},"end":{"line":134,"column":null}},"type":"if","locations":[{"start":{"line":134,"column":4},"end":{"line":134,"column":null}}]},"8":{"loc":{"start":{"line":134,"column":8},"end":{"line":134,"column":35}},"type":"binary-expr","locations":[{"start":{"line":134,"column":8},"end":{"line":134,"column":28}},{"start":{"line":134,"column":28},"end":{"line":134,"column":35}}]},"9":{"loc":{"start":{"line":155,"column":6},"end":{"line":157,"column":null}},"type":"if","locations":[{"start":{"line":155,"column":6},"end":{"line":157,"column":null}}]},"10":{"loc":{"start":{"line":155,"column":10},"end":{"line":155,"column":62}},"type":"binary-expr","locations":[{"start":{"line":155,"column":10},"end":{"line":155,"column":21}},{"start":{"line":155,"column":21},"end":{"line":155,"column":39}},{"start":{"line":155,"column":39},"end":{"line":155,"column":62}}]},"11":{"loc":{"start":{"line":165,"column":4},"end":{"line":165,"column":null}},"type":"if","locations":[{"start":{"line":165,"column":4},"end":{"line":165,"column":null}}]},"12":{"loc":{"start":{"line":165,"column":8},"end":{"line":165,"column":35}},"type":"binary-expr","locations":[{"start":{"line":165,"column":8},"end":{"line":165,"column":28}},{"start":{"line":165,"column":28},"end":{"line":165,"column":35}}]}},"s":{"0":6,"1":14,"2":1,"3":1,"4":1,"5":1,"6":1,"7":1,"8":1,"9":1,"10":14,"11":14,"12":0,"13":14,"14":14,"15":14,"16":14,"17":14,"18":14,"19":14,"20":6,"21":6,"22":6,"23":14,"24":2,"25":0,"26":0,"27":2,"28":2,"29":2,"30":0,"31":14,"32":6,"33":6,"34":1,"35":1,"36":1,"37":5,"38":5,"39":5,"40":5,"41":0,"42":0,"43":0,"44":5,"45":0,"46":0,"47":0,"48":5,"49":5,"50":14,"51":1,"52":0,"53":1,"54":1,"55":1,"56":1,"57":1,"58":1,"59":1,"60":0,"61":14,"62":1,"63":0,"64":1,"65":1,"66":1,"67":1,"68":1,"69":1,"70":1,"71":1,"72":1,"73":1,"74":1,"75":0,"76":14},"f":{"0":14,"1":14,"2":6,"3":2,"4":6,"5":5,"6":0,"7":0,"8":5,"9":1,"10":1,"11":1},"b":{"0":[0],"1":[14,14],"2":[6],"3":[0],"4":[1],"5":[6,5],"6":[5,0],"7":[0],"8":[1,1],"9":[1],"10":[1,1,1],"11":[0],"12":[1,1]}}
}
