TN:
SF:__tests__/setup-firebase-mock.js
FN:2,(anonymous_0)
FN:12,(anonymous_1)
FN:31,(anonymous_2)
FN:51,(anonymous_3)
FN:59,(anonymous_4)
FN:74,(anonymous_5)
FNF:6
FNH:1
FNDA:1,(anonymous_0)
FNDA:0,(anonymous_1)
FNDA:0,(anonymous_2)
FNDA:0,(anonymous_3)
FNDA:0,(anonymous_4)
FNDA:0,(anonymous_5)
DA:2,10
DA:4,1
DA:10,1
DA:13,0
DA:14,0
DA:26,1
DA:31,0
DA:41,1
DA:51,10
DA:59,10
DA:74,10
LF:11
LH:8
BRF:0
BRH:0
end_of_record
TN:
SF:__tests__/setup-weather-api-mock.js
FN:2,(anonymous_0)
FN:50,(anonymous_1)
FN:87,(anonymous_2)
FNF:3
FNH:3
FNDA:1,(anonymous_0)
FNDA:24,(anonymous_1)
FNDA:2,(anonymous_2)
DA:2,10
DA:3,1
DA:29,1
DA:50,24
DA:66,1
DA:88,2
DA:89,2
DA:90,2
DA:95,1
DA:103,1
LF:10
LH:10
BRDA:87,0,0,1
BRF:1
BRH:1
end_of_record
TN:
SF:components/settings/NotificationDemo.tsx
FN:19,NotificationDemo
FN:67,(anonymous_2)
FN:107,(anonymous_3)
FN:158,(anonymous_4)
FN:169,(anonymous_5)
FNF:5
FNH:5
FNDA:12,NotificationDemo
FNDA:4,(anonymous_2)
FNDA:12,(anonymous_3)
FNDA:1,(anonymous_4)
FNDA:72,(anonymous_5)
DA:3,1
DA:4,1
DA:5,1
DA:6,1
DA:7,1
DA:8,1
DA:15,1
DA:16,1
DA:17,1
DA:19,6
DA:20,12
DA:21,12
DA:22,12
DA:23,12
DA:28,12
DA:67,12
DA:68,4
DA:70,4
DA:72,4
DA:73,1
DA:76,4
DA:79,4
DA:87,3
DA:93,1
DA:95,1
DA:102,4
DA:107,12
DA:108,12
DA:110,10
DA:112,2
DA:115,0
DA:117,0
DA:119,0
DA:121,0
DA:125,12
DA:126,12
DA:127,12
DA:128,12
DA:129,12
DA:158,1
DA:170,72
LF:41
LH:37
BRDA:72,0,0,1
BRDA:108,1,0,10
BRDA:108,1,1,2
BRDA:108,1,2,0
BRDA:108,1,3,0
BRDA:108,1,4,0
BRDA:108,1,5,0
BRDA:108,1,6,0
BRDA:187,2,0,11
BRDA:187,2,1,1
BRDA:196,3,0,11
BRDA:196,3,1,1
BRDA:202,4,0,12
BRDA:202,4,1,1
BRDA:206,5,0,12
BRDA:206,5,1,1
BRDA:209,6,0,12
BRDA:218,7,0,12
BRDA:218,7,1,11
BRDA:221,8,0,11
BRDA:221,8,1,1
BRDA:226,9,0,1
BRDA:226,9,1,11
BRDA:228,10,0,1
BRDA:228,10,1,11
BRDA:230,11,0,10
BRDA:230,11,1,1
BRF:27
BRH:22
end_of_record
TN:
SF:components/ui/button.tsx
FN:40,(anonymous_6)
FNF:1
FNH:1
FNDA:18,(anonymous_6)
DA:1,3
DA:2,3
DA:3,3
DA:5,3
DA:7,3
DA:39,3
DA:41,18
DA:47,3
DA:49,21
LF:9
LH:9
BRDA:40,0,0,18
BRDA:41,1,0,0
BRDA:41,1,1,18
BRF:3
BRH:2
end_of_record
TN:
SF:components/ui/select.tsx
FNF:0
FNH:0
DA:3,1
DA:4,1
DA:5,1
DA:7,1
DA:9,1
DA:11,1
DA:13,1
DA:33,1
DA:50,1
DA:67,1
DA:100,1
DA:112,1
DA:135,1
DA:147,1
DA:150,12
DA:151,0
DA:152,12
DA:153,12
DA:154,12
DA:155,0
DA:156,72
DA:157,0
DA:158,0
DA:159,0
LF:24
LH:19
BRDA:73,0,0,9
BRDA:79,1,0,9
BRDA:79,1,1,9
BRDA:90,2,0,9
BRDA:90,2,1,9
BRF:5
BRH:5
end_of_record
TN:
SF:components/weather/FavoriteStar.tsx
FN:19,FavoriteStar
FN:25,(anonymous_5)
FN:51,(anonymous_6)
FNF:3
FNH:2
FNDA:1,FavoriteStar
FNDA:0,(anonymous_5)
FNDA:1,(anonymous_6)
DA:1,1
DA:2,1
DA:3,1
DA:4,1
DA:5,1
DA:19,1
DA:20,1
DA:21,1
DA:23,1
DA:25,1
DA:26,0
DA:28,0
DA:30,0
DA:31,0
DA:32,0
DA:33,0
DA:34,0
DA:37,0
DA:40,0
DA:42,0
DA:53,1
DA:54,0
DA:55,0
LF:23
LH:11
BRDA:19,0,0,1
BRDA:26,1,0,0
BRDA:31,2,0,0
BRDA:31,2,1,0
BRDA:33,3,0,0
BRDA:53,4,0,0
BRDA:53,5,0,1
BRDA:53,5,1,1
BRDA:60,6,0,0
BRDA:60,6,1,1
BRDA:69,7,0,0
BRDA:69,7,1,1
BRDA:73,8,0,0
BRDA:73,8,1,1
BRF:14
BRH:6
end_of_record
TN:
SF:lib/api.ts
FN:20,fetchAPI
FN:36,(anonymous_7)
FN:50,getCurrentWeather
FN:59,getForecast
FN:66,searchLocation
FN:73,getHistoricalWeather
FN:81,subscribeToLocationNotifications
FNF:7
FNH:0
FNDA:0,fetchAPI
FNDA:0,(anonymous_7)
FNDA:0,getCurrentWeather
FNDA:0,getForecast
FNDA:0,searchLocation
FNDA:0,getHistoricalWeather
FNDA:0,subscribeToLocationNotifications
DA:3,1
DA:6,1
DA:21,0
DA:22,0
DA:24,0
DA:26,0
DA:35,0
DA:36,0
DA:37,0
DA:40,0
DA:42,0
DA:43,0
DA:50,0
DA:51,0
DA:59,0
DA:60,0
DA:66,0
DA:67,0
DA:73,0
DA:74,0
DA:81,0
DA:87,0
DA:102,0
LF:23
LH:2
BRDA:20,0,0,0
BRDA:22,1,0,0
BRDA:22,2,0,0
BRDA:32,3,0,0
BRDA:32,3,1,0
BRDA:35,4,0,0
BRDA:37,5,0,0
BRDA:37,5,1,0
BRDA:59,6,0,0
BRF:9
BRH:0
end_of_record
TN:
SF:lib/constants.ts
FNF:0
FNH:0
DA:6,2
DA:9,2
DA:25,2
DA:28,2
DA:29,2
LF:5
LH:5
BRDA:6,0,0,2
BRDA:6,0,1,2
BRF:2
BRH:2
end_of_record
TN:
SF:lib/notificationService.ts
FN:32,shouldSendNotification
FN:75,processWeatherNotifications
FN:147,(anonymous_8)
FN:189,(anonymous_9)
FN:212,processDailyForecastNotifications
FNF:5
FNH:5
FNDA:18,shouldSendNotification
FNDA:6,processWeatherNotifications
FNDA:4,(anonymous_8)
FNDA:13,(anonymous_9)
FNDA:4,processDailyForecastNotifications
DA:4,2
DA:5,2
DA:10,109
DA:32,5
DA:36,18
DA:37,1
DA:40,17
DA:42,17
DA:44,2
DA:47,4
DA:50,3
DA:56,0
DA:62,4
DA:65,4
DA:68,0
DA:75,6
DA:81,6
DA:83,6
DA:84,1
DA:88,5
DA:89,4
DA:91,4
DA:94,4
DA:100,4
DA:102,4
DA:103,4
DA:106,4
DA:107,1
DA:116,4
DA:117,0
DA:127,4
DA:131,4
DA:134,4
DA:147,4
DA:148,4
DA:158,4
DA:162,4
DA:164,4
DA:165,4
DA:175,4
DA:176,4
DA:178,4
DA:179,4
DA:189,4
DA:190,13
DA:191,13
DA:205,1
DA:212,4
DA:217,4
DA:219,4
DA:220,2
DA:224,2
DA:226,1
DA:227,1
DA:229,1
DA:240,1
LF:56
LH:53
BRDA:36,0,0,1
BRDA:42,1,0,2
BRDA:42,1,1,4
BRDA:42,1,2,3
BRDA:42,1,3,0
BRDA:42,1,4,4
BRDA:42,1,5,4
BRDA:42,1,6,0
BRDA:51,2,0,3
BRDA:51,2,1,3
BRDA:57,3,0,0
BRDA:57,3,1,0
BRDA:83,4,0,1
BRDA:94,5,0,4
BRDA:95,6,0,4
BRDA:95,6,1,4
BRDA:95,6,2,4
BRDA:100,7,0,3
BRDA:100,7,1,1
BRDA:106,8,0,1
BRDA:116,9,0,0
BRDA:127,10,0,4
BRDA:128,11,0,4
BRDA:128,11,1,4
BRDA:147,12,0,4
BRDA:158,13,0,4
BRDA:159,14,0,4
BRDA:159,14,1,4
BRDA:164,15,0,4
BRDA:175,16,0,4
BRDA:175,17,0,4
BRDA:175,17,1,4
BRDA:178,18,0,4
BRDA:190,19,0,13
BRDA:219,20,0,2
BRDA:219,21,0,4
BRDA:219,21,1,3
BRDA:226,22,0,1
BRF:38
BRH:33
end_of_record
TN:
SF:lib/notifications.ts
FN:6,registerServiceWorker
FN:25,supportsNotifications
FN:32,getNotificationPermission
FN:42,requestNotificationPermission
FN:59,subscribeToPushNotifications
FN:80,urlBase64ToUint8Array
FN:96,showTestNotification
FN:107,(anonymous_16)
FN:126,showWeatherNotification
FN:140,(anonymous_18)
FNF:10
FNH:7
FNDA:3,registerServiceWorker
FNDA:9,supportsNotifications
FNDA:3,getNotificationPermission
FNDA:4,requestNotificationPermission
FNDA:2,subscribeToPushNotifications
FNDA:3,urlBase64ToUint8Array
FNDA:0,showTestNotification
FNDA:0,(anonymous_16)
FNDA:2,showWeatherNotification
FNDA:0,(anonymous_18)
DA:6,4
DA:7,3
DA:8,3
DA:9,3
DA:10,1
DA:11,1
DA:13,2
DA:14,2
DA:17,0
DA:18,0
DA:25,1
DA:26,9
DA:32,1
DA:33,3
DA:34,1
DA:36,2
DA:42,1
DA:43,4
DA:44,0
DA:47,4
DA:48,4
DA:49,3
DA:51,1
DA:52,1
DA:59,3
DA:62,2
DA:64,2
DA:69,1
DA:70,1
DA:72,1
DA:73,1
DA:80,2
DA:81,3
DA:82,3
DA:84,3
DA:85,3
DA:87,3
DA:88,79
DA:90,3
DA:96,1
DA:97,0
DA:98,0
DA:99,0
DA:102,0
DA:107,0
DA:108,0
DA:109,0
DA:110,0
DA:126,1
DA:127,2
DA:128,1
DA:129,1
DA:132,1
DA:140,1
DA:141,0
DA:142,0
DA:143,0
LF:57
LH:43
BRDA:7,0,0,3
BRDA:7,0,1,0
BRDA:7,1,0,3
BRDA:7,1,1,3
BRDA:33,2,0,1
BRDA:43,3,0,0
BRDA:97,4,0,0
BRDA:97,5,0,0
BRDA:97,5,1,0
BRDA:127,6,0,1
BRDA:127,7,0,2
BRDA:127,7,1,2
BRDA:134,8,0,1
BRDA:134,8,1,1
BRDA:135,9,0,1
BRDA:135,9,1,0
BRDA:136,10,0,1
BRDA:136,10,1,0
BRDA:137,11,0,1
BRDA:137,11,1,0
BRF:20
BRH:12
end_of_record
TN:
SF:lib/utils.ts
FN:5,cn
FN:14,formatDate
FN:41,handleKeyboardActivation
FNF:3
FNH:1
FNDA:185,cn
FNDA:0,formatDate
FNDA:0,handleKeyboardActivation
DA:1,3
DA:2,3
DA:3,3
DA:5,185
DA:6,185
DA:14,0
DA:15,0
DA:16,0
DA:17,0
DA:19,0
DA:20,0
DA:41,0
DA:44,0
DA:46,0
DA:47,0
LF:15
LH:5
BRDA:14,0,0,0
BRDA:44,1,0,0
BRDA:44,2,0,0
BRDA:44,2,1,0
BRF:4
BRH:0
end_of_record
TN:
SF:lib/context/notification-context.tsx
FN:47,useNotifications
FN:59,NotificationProvider
FN:71,(anonymous_5)
FN:79,(anonymous_6)
FN:94,(anonymous_7)
FN:110,(anonymous_8)
FN:115,(anonymous_9)
FN:122,(anonymous_10)
FN:129,(anonymous_11)
FN:133,(anonymous_12)
FN:138,(anonymous_13)
FN:164,(anonymous_14)
FNF:12
FNH:10
FNDA:14,useNotifications
FNDA:14,NotificationProvider
FNDA:6,(anonymous_5)
FNDA:2,(anonymous_6)
FNDA:6,(anonymous_7)
FNDA:5,(anonymous_8)
FNDA:0,(anonymous_9)
FNDA:0,(anonymous_10)
FNDA:5,(anonymous_11)
FNDA:1,(anonymous_12)
FNDA:1,(anonymous_13)
FNDA:1,(anonymous_14)
DA:3,1
DA:4,1
DA:5,1
DA:6,1
DA:11,1
DA:12,1
DA:31,1
DA:44,1
DA:47,14
DA:48,14
DA:49,14
DA:50,0
DA:52,14
DA:59,6
DA:60,14
DA:61,14
DA:64,14
DA:65,14
DA:68,14
DA:71,14
DA:72,6
DA:73,6
DA:74,6
DA:79,14
DA:80,2
DA:81,0
DA:82,0
DA:85,2
DA:86,2
DA:87,2
DA:89,0
DA:94,14
DA:95,6
DA:98,6
DA:99,1
DA:100,1
DA:101,1
DA:105,5
DA:108,5
DA:111,5
DA:112,5
DA:115,0
DA:116,0
DA:118,0
DA:120,5
DA:123,0
DA:124,0
DA:125,0
DA:129,5
DA:133,14
DA:134,1
DA:136,1
DA:138,1
DA:144,1
DA:145,1
DA:155,1
DA:156,1
DA:159,0
DA:164,14
DA:165,1
DA:167,1
DA:169,1
DA:172,1
DA:173,1
DA:176,1
DA:177,1
DA:181,1
DA:184,1
DA:187,1
DA:188,1
DA:190,0
DA:194,14
LF:72
LH:60
BRDA:49,0,0,0
BRDA:68,1,0,14
BRDA:68,1,1,14
BRDA:72,2,0,6
BRDA:80,3,0,0
BRDA:98,4,0,1
BRDA:98,5,0,6
BRDA:98,5,1,5
BRDA:111,6,0,5
BRDA:111,6,1,0
BRDA:134,7,0,0
BRDA:134,8,0,1
BRDA:134,8,1,1
BRDA:155,9,0,1
BRDA:155,10,0,1
BRDA:155,10,1,1
BRDA:155,10,2,1
BRDA:165,11,0,0
BRDA:165,12,0,1
BRDA:165,12,1,1
BRF:20
BRH:15
end_of_record
